<?xml version="1.0" encoding="UTF-8"?>
<testsuite xmlns:xsi="http://www.w3.org/2001/XMLSchema-instance" xsi:noNamespaceSchemaLocation="https://maven.apache.org/surefire/maven-surefire-plugin/xsd/surefire-test-report-3.0.xsd" version="3.0" name="DatabaseConnectTest" time="17.255" tests="4" errors="0" skipped="0" failures="0">
  <properties>
[...]
</properties>
  <testcase name="changeDomens" classname="DatabaseConnectTest" time="0.093"/>
  <testcase name="insertLogs" classname="DatabaseConnectTest" time="0.008"/>
  <testcase name="getAreas" classname="DatabaseConnectTest" time="0.012"/>
  <testcase name="getTop10" classname="DatabaseConnectTest" time="0.008"/>
</testsuite>