<?xml version="1.0" encoding="UTF-8"?>
<testsuite xmlns:xsi="http://www.w3.org/2001/XMLSchema-instance" xsi:noNamespaceSchemaLocation="https://maven.apache.org/surefire/maven-surefire-plugin/xsd/surefire-test-report.xsd" name="NodeTest" time="1.012" tests="3" errors="0" skipped="0" failures="0">
  <properties>
[...]
</properties>
  <testcase name="testCreatingNode" classname="NodeTest" time="0.002"/>
  <testcase name="testSettingData" classname="NodeTest" time="0.001"/>
  <testcase name="testGettingData" classname="NodeTest" time="1.003"/>
</testsuite>